#-----------------------------------------------------------
# Vivado v2019.2 (64-bit)
# SW Build 2708876 on Wed Nov  6 21:40:23 MST 2019
# IP Build 2700528 on Thu Nov  7 00:09:20 MST 2019
# Start of session at: Tue Feb 25 13:16:20 2020
# Process ID: 1552
# Current directory: D:/Programs/Digitale-synthese
# Command line: vivado.exe -gui_launcher_event rodinguilauncherevent14088 D:\Programs\Digitale-synthese\Digitale-synthese.xpr
# Log file: D:/Programs/Digitale-synthese/vivado.log
# Journal file: D:/Programs/Digitale-synthese\vivado.jou
#-----------------------------------------------------------
start_gui
open_project D:/Programs/Digitale-synthese/Digitale-synthese.xpr
INFO: [Project 1-313] Project file moved from 'C:/Users/joost/Desktop/Digitale-synthese' since last save.
CRITICAL WARNING: [Project 1-19] Could not find the file 'D:/Programs/Digitale-synthese/DEBOUNCER.vhd'.
CRITICAL WARNING: [Project 1-19] Could not find the file 'D:/Programs/Digitale-synthese/TB_DEBOUNCER.vhd'.
Scanning sources...
Finished scanning sources
INFO: [IP_Flow 19-234] Refreshing IP repositories
INFO: [IP_Flow 19-1704] No user IP repositories specified
INFO: [IP_Flow 19-2313] Loaded Vivado IP repository 'C:/Xilinx/Vivado/2019.2/data/ip'.
open_project: Time (s): cpu = 00:00:33 ; elapsed = 00:00:13 . Memory (MB): peak = 803.719 ; gain = 174.973
update_compile_order -fileset sources_1
file mkdir D:/Programs/Digitale-synthese/Digitale-synthese.srcs/sources_1/new
close [ open D:/Programs/Digitale-synthese/Digitale-synthese.srcs/sources_1/new/TB_DEBOUNCER.vhd w ]
add_files D:/Programs/Digitale-synthese/Digitale-synthese.srcs/sources_1/new/TB_DEBOUNCER.vhd
close [ open D:/Programs/Digitale-synthese/Digitale-synthese.srcs/sources_1/new/DEBOUNCER.vhd w ]
add_files D:/Programs/Digitale-synthese/Digitale-synthese.srcs/sources_1/new/DEBOUNCER.vhd
update_compile_order -fileset sources_1
update_compile_order -fileset sources_1
export_ip_user_files -of_objects  [get_files D:/Programs/Digitale-synthese/DEBOUNCER.vhd] -no_script -reset -force -quiet
remove_files  D:/Programs/Digitale-synthese/DEBOUNCER.vhd
remove_files  D:/Programs/Digitale-synthese/DEBOUNCER.vhd
WARNING: [Vivado 12-818] No files matched 'D:/Programs/Digitale-synthese/DEBOUNCER.vhd'
export_ip_user_files -of_objects  [get_files D:/Programs/Digitale-synthese/TB_DEBOUNCER.vhd] -no_script -reset -force -quiet
remove_files  D:/Programs/Digitale-synthese/TB_DEBOUNCER.vhd
export_ip_user_files -of_objects  [get_files D:/Programs/Digitale-synthese/Digitale-synthese.srcs/sources_1/new/TB_DEBOUNCER.vhd] -no_script -reset -force -quiet
remove_files  D:/Programs/Digitale-synthese/Digitale-synthese.srcs/sources_1/new/TB_DEBOUNCER.vhd
remove_files  D:/Programs/Digitale-synthese/Digitale-synthese.srcs/sources_1/new/TB_DEBOUNCER.vhd
WARNING: [Vivado 12-818] No files matched 'D:/Programs/Digitale-synthese/Digitale-synthese.srcs/sources_1/new/TB_DEBOUNCER.vhd'
file mkdir D:/Programs/Digitale-synthese/Digitale-synthese.srcs/sim_1/new
set_property SOURCE_SET sources_1 [get_filesets sim_1]
close [ open D:/Programs/Digitale-synthese/Digitale-synthese.srcs/sim_1/new/TB_DEBOUNCER.vhd w ]
add_files -fileset sim_1 D:/Programs/Digitale-synthese/Digitale-synthese.srcs/sim_1/new/TB_DEBOUNCER.vhd
update_compile_order -fileset sim_1
update_compile_order -fileset sim_1
launch_simulation
Command: launch_simulation 
INFO: [Vivado 12-5682] Launching behavioral simulation in 'D:/Programs/Digitale-synthese/Digitale-synthese.sim/sim_1/behav/xsim'
INFO: [SIM-utils-51] Simulation object is 'sim_1'
INFO: [SIM-utils-54] Inspecting design source files for 'DEBOUNCER_tb' in fileset 'sim_1'...
INFO: [USF-XSim-97] Finding global include files...
INFO: [USF-XSim-98] Fetching design files from 'sim_1'...
INFO: [USF-XSim-2] XSim::Compile design
INFO: [USF-XSim-61] Executing 'COMPILE and ANALYZE' step in 'D:/Programs/Digitale-synthese/Digitale-synthese.sim/sim_1/behav/xsim'
"xvhdl --incr --relax -prj DEBOUNCER_tb_vhdl.prj"
INFO: [VRFC 10-163] Analyzing VHDL file "D:/Programs/Digitale-synthese/Digitale-synthese.srcs/sources_1/new/DEBOUNCER.vhd" into library xil_defaultlib
INFO: [VRFC 10-3107] analyzing entity 'DEBOUNCER'
INFO: [VRFC 10-163] Analyzing VHDL file "D:/Programs/Digitale-synthese/Digitale-synthese.srcs/sim_1/new/TB_DEBOUNCER.vhd" into library xil_defaultlib
INFO: [VRFC 10-3107] analyzing entity 'DEBOUNCER_tb'
INFO: [USF-XSim-69] 'compile' step finished in '5' seconds
INFO: [USF-XSim-3] XSim::Elaborate design
INFO: [USF-XSim-61] Executing 'ELABORATE' step in 'D:/Programs/Digitale-synthese/Digitale-synthese.sim/sim_1/behav/xsim'
"xelab -wto 0a7aab739e7f4ee8af250187be0aaa77 --incr --debug typical --relax --mt 2 -L xil_defaultlib -L secureip --snapshot DEBOUNCER_tb_behav xil_defaultlib.DEBOUNCER_tb -log elaborate.log"
Vivado Simulator 2019.2
Copyright 1986-1999, 2001-2019 Xilinx, Inc. All Rights Reserved.
Running: C:/Xilinx/Vivado/2019.2/bin/unwrapped/win64.o/xelab.exe -wto 0a7aab739e7f4ee8af250187be0aaa77 --incr --debug typical --relax --mt 2 -L xil_defaultlib -L secureip --snapshot DEBOUNCER_tb_behav xil_defaultlib.DEBOUNCER_tb -log elaborate.log 
Using 2 slave threads.
Starting static elaboration
Completed static elaboration
Starting simulation data flow analysis
Completed simulation data flow analysis
Time Resolution for simulation is 1ps
Compiling package std.standard
Compiling package std.textio
Compiling package ieee.std_logic_1164
Compiling package ieee.numeric_std
Compiling package ieee.std_logic_arith
Compiling package ieee.std_logic_unsigned
Compiling architecture behavioral of entity xil_defaultlib.DEBOUNCER [debouncer_default]
Compiling architecture structural of entity xil_defaultlib.debouncer_tb
Built simulation snapshot DEBOUNCER_tb_behav

****** Webtalk v2019.2 (64-bit)
  **** SW Build 2708876 on Wed Nov  6 21:40:23 MST 2019
  **** IP Build 2700528 on Thu Nov  7 00:09:20 MST 2019
    ** Copyright 1986-2019 Xilinx, Inc. All Rights Reserved.

source D:/Programs/Digitale-synthese/Digitale-synthese.sim/sim_1/behav/xsim/xsim.dir/DEBOUNCER_tb_behav/webtalk/xsim_webtalk.tcl -notrace
INFO: [Common 17-186] 'D:/Programs/Digitale-synthese/Digitale-synthese.sim/sim_1/behav/xsim/xsim.dir/DEBOUNCER_tb_behav/webtalk/usage_statistics_ext_xsim.xml' has been successfully sent to Xilinx on Tue Feb 25 13:36:38 2020. For additional details about this file, please refer to the WebTalk help file at C:/Xilinx/Vivado/2019.2/doc/webtalk_introduction.html.
INFO: [Common 17-206] Exiting Webtalk at Tue Feb 25 13:36:38 2020...
run_program: Time (s): cpu = 00:00:00 ; elapsed = 00:00:15 . Memory (MB): peak = 819.355 ; gain = 0.000
INFO: [USF-XSim-69] 'elaborate' step finished in '14' seconds
INFO: [USF-XSim-4] XSim::Simulate design
INFO: [USF-XSim-61] Executing 'SIMULATE' step in 'D:/Programs/Digitale-synthese/Digitale-synthese.sim/sim_1/behav/xsim'
INFO: [USF-XSim-98] *** Running xsim
   with args "DEBOUNCER_tb_behav -key {Behavioral:sim_1:Functional:DEBOUNCER_tb} -tclbatch {DEBOUNCER_tb.tcl} -log {simulate.log}"
INFO: [USF-XSim-8] Loading simulator feature
Vivado Simulator 2019.2
Time resolution is 1 ps
source DEBOUNCER_tb.tcl
# set curr_wave [current_wave_config]
# if { [string length $curr_wave] == 0 } {
#   if { [llength [get_objects]] > 0} {
#     add_wave /
#     set_property needs_save false [current_wave_config]
#   } else {
#      send_msg_id Add_Wave-1 WARNING "No top level signals found. Simulator will start without a wave window. If you want to open a wave window go to 'File->New Waveform Configuration' or type 'create_wave_config' in the TCL console."
#   }
# }
# run 1000ns
xsim: Time (s): cpu = 00:00:16 ; elapsed = 00:00:06 . Memory (MB): peak = 852.727 ; gain = 33.371
INFO: [USF-XSim-96] XSim completed. Design snapshot 'DEBOUNCER_tb_behav' loaded.
INFO: [USF-XSim-97] XSim simulation ran for 1000ns
launch_simulation: Time (s): cpu = 00:00:19 ; elapsed = 00:00:27 . Memory (MB): peak = 852.727 ; gain = 33.371
