#-----------------------------------------------------------
# Webtalk v2019.2 (64-bit)
# SW Build 2708876 on Wed Nov  6 21:40:23 MST 2019
# IP Build 2700528 on Thu Nov  7 00:09:20 MST 2019
<<<<<<< HEAD
# Start of session at: Wed Feb 26 07:55:30 2020
# Process ID: 780
# Current directory: C:/Users/Jordy/KU/Digitale-synthese/Digitale-synthese.sim/sim_1/behav/xsim
# Command line: wbtcv.exe -mode batch -source C:/Users/Jordy/KU/Digitale-synthese/Digitale-synthese.sim/sim_1/behav/xsim/xsim.dir/EDGEDETECT_tb_behav/webtalk/xsim_webtalk.tcl -notrace
# Log file: C:/Users/Jordy/KU/Digitale-synthese/Digitale-synthese.sim/sim_1/behav/xsim/webtalk.log
# Journal file: C:/Users/Jordy/KU/Digitale-synthese/Digitale-synthese.sim/sim_1/behav/xsim\webtalk.jou
#-----------------------------------------------------------
source C:/Users/Jordy/KU/Digitale-synthese/Digitale-synthese.sim/sim_1/behav/xsim/xsim.dir/EDGEDETECT_tb_behav/webtalk/xsim_webtalk.tcl -notrace
INFO: [Common 17-206] Exiting Webtalk at Wed Feb 26 07:55:32 2020...
=======
# Start of session at: Tue Feb 25 13:47:15 2020
# Process ID: 13296
# Current directory: D:/Programs/Digitale-synthese/Digitale-synthese.sim/sim_1/behav/xsim
# Command line: wbtcv.exe -mode batch -source D:/Programs/Digitale-synthese/Digitale-synthese.sim/sim_1/behav/xsim/xsim.dir/DEBOUNCER_tb_behav/webtalk/xsim_webtalk.tcl -notrace
# Log file: D:/Programs/Digitale-synthese/Digitale-synthese.sim/sim_1/behav/xsim/webtalk.log
# Journal file: D:/Programs/Digitale-synthese/Digitale-synthese.sim/sim_1/behav/xsim\webtalk.jou
#-----------------------------------------------------------
source D:/Programs/Digitale-synthese/Digitale-synthese.sim/sim_1/behav/xsim/xsim.dir/DEBOUNCER_tb_behav/webtalk/xsim_webtalk.tcl -notrace
INFO: [Common 17-186] 'D:/Programs/Digitale-synthese/Digitale-synthese.sim/sim_1/behav/xsim/xsim.dir/DEBOUNCER_tb_behav/webtalk/usage_statistics_ext_xsim.xml' has been successfully sent to Xilinx on Tue Feb 25 13:47:18 2020. For additional details about this file, please refer to the WebTalk help file at C:/Xilinx/Vivado/2019.2/doc/webtalk_introduction.html.
INFO: [Common 17-206] Exiting Webtalk at Tue Feb 25 13:47:18 2020...
>>>>>>> master
